{"/home/amitsa/Documents/blinklist-App/demo-blinklist/src/Theme.tsx": {"path":"/home/amitsa/Documents/blinklist-App/demo-blinklist/src/Theme.tsx","statementMap":{"0":{"start":{"line":4,"column":18},"end":{"line":328,"column":2}},"1":{"start":{"line":330,"column":21},"end":{"line":336,"column":2}}},"fnMap":{},"branchMap":{},"s":{"0":35,"1":35},"f":{},"b":{},"_coverageSchema":"1a1c01bbd47fc00a2c39e90264f33305004495a9","hash":"aa5dc927cf0e120a25c2b6ec1ec807117a78384d"}
,"/home/amitsa/Documents/blinklist-App/demo-blinklist/src/components/atoms/addtolibrarybutton/AddToLibraryButton.tsx": {"path":"/home/amitsa/Documents/blinklist-App/demo-blinklist/src/components/atoms/addtolibrarybutton/AddToLibraryButton.tsx","statementMap":{"0":{"start":{"line":7,"column":27},"end":{"line":21,"column":1}},"1":{"start":{"line":8,"column":18},"end":{"line":8,"column":31}},"2":{"start":{"line":9,"column":2},"end":{"line":20,"column":4}}},"fnMap":{"0":{"name":"(anonymous_0)","decl":{"start":{"line":7,"column":27},"end":{"line":7,"column":28}},"loc":{"start":{"line":7,"column":33},"end":{"line":21,"column":1}},"line":7}},"branchMap":{},"s":{"0":1,"1":3,"2":2},"f":{"0":3},"b":{},"_coverageSchema":"1a1c01bbd47fc00a2c39e90264f33305004495a9","hash":"15568e2dc4aee5a2fb81a2771c2a92e8ea284cb7"}
,"/home/amitsa/Documents/blinklist-App/demo-blinklist/src/components/atoms/author/AuthorName.tsx": {"path":"/home/amitsa/Documents/blinklist-App/demo-blinklist/src/components/atoms/author/AuthorName.tsx","statementMap":{"0":{"start":{"line":8,"column":19},"end":{"line":18,"column":1}},"1":{"start":{"line":9,"column":18},"end":{"line":9,"column":31}},"2":{"start":{"line":10,"column":4},"end":{"line":17,"column":9}}},"fnMap":{"0":{"name":"(anonymous_0)","decl":{"start":{"line":8,"column":19},"end":{"line":8,"column":20}},"loc":{"start":{"line":8,"column":38},"end":{"line":18,"column":1}},"line":8}},"branchMap":{},"s":{"0":1,"1":1,"2":1},"f":{"0":1},"b":{},"_coverageSchema":"1a1c01bbd47fc00a2c39e90264f33305004495a9","hash":"21d8b314d0de7538075625b1794badcfc25a222e"}
,"/home/amitsa/Documents/blinklist-App/demo-blinklist/src/components/atoms/avatar/AvatarLogin.tsx": {"path":"/home/amitsa/Documents/blinklist-App/demo-blinklist/src/components/atoms/avatar/AvatarLogin.tsx","statementMap":{"0":{"start":{"line":6,"column":20},"end":{"line":8,"column":1}},"1":{"start":{"line":7,"column":4},"end":{"line":7,"column":69}}},"fnMap":{"0":{"name":"(anonymous_0)","decl":{"start":{"line":6,"column":20},"end":{"line":6,"column":21}},"loc":{"start":{"line":6,"column":38},"end":{"line":8,"column":1}},"line":6}},"branchMap":{},"s":{"0":2,"1":2},"f":{"0":2},"b":{},"_coverageSchema":"1a1c01bbd47fc00a2c39e90264f33305004495a9","hash":"9ae03fcc176d47c1eb68793c6eb74d0a5e51a41f"}
,"/home/amitsa/Documents/blinklist-App/demo-blinklist/src/components/atoms/banner/banner-image/BannerImage.tsx": {"path":"/home/amitsa/Documents/blinklist-App/demo-blinklist/src/components/atoms/banner/banner-image/BannerImage.tsx","statementMap":{"0":{"start":{"line":6,"column":20},"end":{"line":15,"column":1}},"1":{"start":{"line":7,"column":16},"end":{"line":7,"column":29}},"2":{"start":{"line":8,"column":2},"end":{"line":14,"column":4}}},"fnMap":{"0":{"name":"(anonymous_0)","decl":{"start":{"line":6,"column":20},"end":{"line":6,"column":21}},"loc":{"start":{"line":6,"column":26},"end":{"line":15,"column":1}},"line":6}},"branchMap":{},"s":{"0":2,"1":2,"2":2},"f":{"0":2},"b":{},"_coverageSchema":"1a1c01bbd47fc00a2c39e90264f33305004495a9","hash":"92908b1e2381f523bd5c8ab446ce7d5a703c9fc1"}
,"/home/amitsa/Documents/blinklist-App/demo-blinklist/src/components/atoms/banner/banner-one/BannerOne.tsx": {"path":"/home/amitsa/Documents/blinklist-App/demo-blinklist/src/components/atoms/banner/banner-one/BannerOne.tsx","statementMap":{"0":{"start":{"line":4,"column":18},"end":{"line":15,"column":1}},"1":{"start":{"line":5,"column":16},"end":{"line":5,"column":29}},"2":{"start":{"line":6,"column":2},"end":{"line":14,"column":4}}},"fnMap":{"0":{"name":"(anonymous_0)","decl":{"start":{"line":4,"column":18},"end":{"line":4,"column":19}},"loc":{"start":{"line":4,"column":24},"end":{"line":15,"column":1}},"line":4}},"branchMap":{},"s":{"0":3,"1":3,"2":3},"f":{"0":3},"b":{},"_coverageSchema":"1a1c01bbd47fc00a2c39e90264f33305004495a9","hash":"a05de3f5715141ffecc1461c77efd71a06439a3d"}
,"/home/amitsa/Documents/blinklist-App/demo-blinklist/src/components/atoms/banner/banner-two/BannerTwo.tsx": {"path":"/home/amitsa/Documents/blinklist-App/demo-blinklist/src/components/atoms/banner/banner-two/BannerTwo.tsx","statementMap":{"0":{"start":{"line":4,"column":18},"end":{"line":16,"column":1}},"1":{"start":{"line":5,"column":16},"end":{"line":5,"column":29}},"2":{"start":{"line":6,"column":2},"end":{"line":15,"column":4}}},"fnMap":{"0":{"name":"(anonymous_0)","decl":{"start":{"line":4,"column":18},"end":{"line":4,"column":19}},"loc":{"start":{"line":4,"column":24},"end":{"line":16,"column":1}},"line":4}},"branchMap":{},"s":{"0":3,"1":3,"2":3},"f":{"0":3},"b":{},"_coverageSchema":"1a1c01bbd47fc00a2c39e90264f33305004495a9","hash":"3b7cc03bc3a062a753e15ff32aebb43feb73bee0"}
,"/home/amitsa/Documents/blinklist-App/demo-blinklist/src/components/atoms/blinkimage/BlinkImage.tsx": {"path":"/home/amitsa/Documents/blinklist-App/demo-blinklist/src/components/atoms/blinkimage/BlinkImage.tsx","statementMap":{"0":{"start":{"line":6,"column":19},"end":{"line":21,"column":1}},"1":{"start":{"line":7,"column":16},"end":{"line":7,"column":29}},"2":{"start":{"line":8,"column":2},"end":{"line":20,"column":4}}},"fnMap":{"0":{"name":"(anonymous_0)","decl":{"start":{"line":6,"column":19},"end":{"line":6,"column":20}},"loc":{"start":{"line":6,"column":25},"end":{"line":21,"column":1}},"line":6}},"branchMap":{},"s":{"0":3,"1":3,"2":3},"f":{"0":3},"b":{},"_coverageSchema":"1a1c01bbd47fc00a2c39e90264f33305004495a9","hash":"8c20ebb86024e89748779376e862dea825b64339"}
,"/home/amitsa/Documents/blinklist-App/demo-blinklist/src/components/atoms/bookpagedetails/booknote/BookNote.tsx": {"path":"/home/amitsa/Documents/blinklist-App/demo-blinklist/src/components/atoms/bookpagedetails/booknote/BookNote.tsx","statementMap":{"0":{"start":{"line":5,"column":17},"end":{"line":15,"column":1}},"1":{"start":{"line":6,"column":16},"end":{"line":6,"column":29}},"2":{"start":{"line":7,"column":2},"end":{"line":14,"column":4}}},"fnMap":{"0":{"name":"(anonymous_0)","decl":{"start":{"line":5,"column":17},"end":{"line":5,"column":18}},"loc":{"start":{"line":5,"column":23},"end":{"line":15,"column":1}},"line":5}},"branchMap":{},"s":{"0":1,"1":3,"2":2},"f":{"0":3},"b":{},"_coverageSchema":"1a1c01bbd47fc00a2c39e90264f33305004495a9","hash":"8f9a2e3e3e7f4d2ff1c635815504532e6f6abfe5"}
,"/home/amitsa/Documents/blinklist-App/demo-blinklist/src/components/atoms/bookpagedetails/bookoptions/finishbutton/FinishReading.tsx": {"path":"/home/amitsa/Documents/blinklist-App/demo-blinklist/src/components/atoms/bookpagedetails/bookoptions/finishbutton/FinishReading.tsx","statementMap":{"0":{"start":{"line":12,"column":22},"end":{"line":35,"column":1}},"1":{"start":{"line":13,"column":14},"end":{"line":15,"column":3}},"2":{"start":{"line":14,"column":4},"end":{"line":14,"column":39}},"3":{"start":{"line":16,"column":18},"end":{"line":16,"column":31}},"4":{"start":{"line":17,"column":2},"end":{"line":34,"column":4}}},"fnMap":{"0":{"name":"(anonymous_0)","decl":{"start":{"line":12,"column":22},"end":{"line":12,"column":23}},"loc":{"start":{"line":12,"column":41},"end":{"line":35,"column":1}},"line":12},"1":{"name":"(anonymous_1)","decl":{"start":{"line":13,"column":14},"end":{"line":13,"column":15}},"loc":{"start":{"line":13,"column":20},"end":{"line":15,"column":3}},"line":13}},"branchMap":{"0":{"loc":{"start":{"line":23,"column":19},"end":{"line":23,"column":42}},"type":"cond-expr","locations":[{"start":{"line":23,"column":31},"end":{"line":23,"column":37}},{"start":{"line":23,"column":40},"end":{"line":23,"column":42}}],"line":23}},"s":{"0":1,"1":3,"2":0,"3":3,"4":2},"f":{"0":3,"1":0},"b":{"0":[0,0]},"_coverageSchema":"1a1c01bbd47fc00a2c39e90264f33305004495a9","hash":"28d7677ce96eff2377fdb80985bb20b5fde6c6cf"}
,"/home/amitsa/Documents/blinklist-App/demo-blinklist/src/components/atoms/bookpagedetails/bookoptions/kindlebutton/SendToKindle.tsx": {"path":"/home/amitsa/Documents/blinklist-App/demo-blinklist/src/components/atoms/bookpagedetails/bookoptions/kindlebutton/SendToKindle.tsx","statementMap":{"0":{"start":{"line":5,"column":21},"end":{"line":17,"column":1}},"1":{"start":{"line":6,"column":16},"end":{"line":6,"column":29}},"2":{"start":{"line":7,"column":2},"end":{"line":16,"column":4}}},"fnMap":{"0":{"name":"(anonymous_0)","decl":{"start":{"line":5,"column":21},"end":{"line":5,"column":22}},"loc":{"start":{"line":5,"column":27},"end":{"line":17,"column":1}},"line":5}},"branchMap":{},"s":{"0":1,"1":3,"2":2},"f":{"0":3},"b":{},"_coverageSchema":"1a1c01bbd47fc00a2c39e90264f33305004495a9","hash":"4120b81e97ca506cbeb19edec3463eb11b835882"}
,"/home/amitsa/Documents/blinklist-App/demo-blinklist/src/components/atoms/bookpagedetails/bookoptions/readbutton/ReadNow.tsx": {"path":"/home/amitsa/Documents/blinklist-App/demo-blinklist/src/components/atoms/bookpagedetails/bookoptions/readbutton/ReadNow.tsx","statementMap":{"0":{"start":{"line":6,"column":16},"end":{"line":17,"column":1}},"1":{"start":{"line":7,"column":16},"end":{"line":7,"column":29}},"2":{"start":{"line":8,"column":2},"end":{"line":16,"column":4}}},"fnMap":{"0":{"name":"(anonymous_0)","decl":{"start":{"line":6,"column":16},"end":{"line":6,"column":17}},"loc":{"start":{"line":6,"column":22},"end":{"line":17,"column":1}},"line":6}},"branchMap":{},"s":{"0":1,"1":3,"2":2},"f":{"0":3},"b":{},"_coverageSchema":"1a1c01bbd47fc00a2c39e90264f33305004495a9","hash":"8dc20e9289918b993e0c817264c549eb86a37772"}
,"/home/amitsa/Documents/blinklist-App/demo-blinklist/src/components/atoms/bookpagedetails/booktitle/BookTitle.tsx": {"path":"/home/amitsa/Documents/blinklist-App/demo-blinklist/src/components/atoms/bookpagedetails/booktitle/BookTitle.tsx","statementMap":{"0":{"start":{"line":4,"column":18},"end":{"line":14,"column":1}},"1":{"start":{"line":5,"column":16},"end":{"line":5,"column":29}},"2":{"start":{"line":6,"column":2},"end":{"line":13,"column":4}}},"fnMap":{"0":{"name":"(anonymous_0)","decl":{"start":{"line":4,"column":18},"end":{"line":4,"column":19}},"loc":{"start":{"line":4,"column":24},"end":{"line":14,"column":1}},"line":4}},"branchMap":{},"s":{"0":1,"1":3,"2":2},"f":{"0":3},"b":{},"_coverageSchema":"1a1c01bbd47fc00a2c39e90264f33305004495a9","hash":"0e53f3df4e973dba4c19803c3340af4ff1d86f16"}
,"/home/amitsa/Documents/blinklist-App/demo-blinklist/src/components/atoms/bookpagedetails/keyideas/KeyIdeas.tsx": {"path":"/home/amitsa/Documents/blinklist-App/demo-blinklist/src/components/atoms/bookpagedetails/keyideas/KeyIdeas.tsx","statementMap":{"0":{"start":{"line":4,"column":17},"end":{"line":14,"column":1}},"1":{"start":{"line":5,"column":16},"end":{"line":5,"column":29}},"2":{"start":{"line":6,"column":2},"end":{"line":13,"column":4}}},"fnMap":{"0":{"name":"(anonymous_0)","decl":{"start":{"line":4,"column":17},"end":{"line":4,"column":18}},"loc":{"start":{"line":4,"column":23},"end":{"line":14,"column":1}},"line":4}},"branchMap":{},"s":{"0":1,"1":1,"2":1},"f":{"0":1},"b":{},"_coverageSchema":"1a1c01bbd47fc00a2c39e90264f33305004495a9","hash":"c5268b2ffaa985696ae21ab28980cba3eeeca118"}
,"/home/amitsa/Documents/blinklist-App/demo-blinklist/src/components/atoms/booktitle/BookTitle.tsx": {"path":"/home/amitsa/Documents/blinklist-App/demo-blinklist/src/components/atoms/booktitle/BookTitle.tsx","statementMap":{"0":{"start":{"line":8,"column":18},"end":{"line":19,"column":1}},"1":{"start":{"line":9,"column":18},"end":{"line":9,"column":31}},"2":{"start":{"line":10,"column":4},"end":{"line":18,"column":9}}},"fnMap":{"0":{"name":"(anonymous_0)","decl":{"start":{"line":8,"column":18},"end":{"line":8,"column":19}},"loc":{"start":{"line":8,"column":37},"end":{"line":19,"column":1}},"line":8}},"branchMap":{},"s":{"0":1,"1":1,"2":1},"f":{"0":1},"b":{},"_coverageSchema":"1a1c01bbd47fc00a2c39e90264f33305004495a9","hash":"5b3a6af014667ae5418a702f1aec4979a4ac79c3"}
,"/home/amitsa/Documents/blinklist-App/demo-blinklist/src/components/atoms/explore/Explore.tsx": {"path":"/home/amitsa/Documents/blinklist-App/demo-blinklist/src/components/atoms/explore/Explore.tsx","statementMap":{"0":{"start":{"line":12,"column":16},"end":{"line":25,"column":1}},"1":{"start":{"line":13,"column":16},"end":{"line":13,"column":29}},"2":{"start":{"line":14,"column":2},"end":{"line":24,"column":4}},"3":{"start":{"line":18,"column":10},"end":{"line":18,"column":31}}},"fnMap":{"0":{"name":"(anonymous_0)","decl":{"start":{"line":12,"column":16},"end":{"line":12,"column":17}},"loc":{"start":{"line":12,"column":34},"end":{"line":25,"column":1}},"line":12},"1":{"name":"(anonymous_1)","decl":{"start":{"line":17,"column":15},"end":{"line":17,"column":16}},"loc":{"start":{"line":17,"column":21},"end":{"line":19,"column":7}},"line":17}},"branchMap":{"0":{"loc":{"start":{"line":16,"column":15},"end":{"line":16,"column":51}},"type":"cond-expr","locations":[{"start":{"line":16,"column":28},"end":{"line":16,"column":37}},{"start":{"line":16,"column":40},"end":{"line":16,"column":51}}],"line":16}},"s":{"0":1,"1":3,"2":2,"3":0},"f":{"0":3,"1":0},"b":{"0":[0,0]},"_coverageSchema":"1a1c01bbd47fc00a2c39e90264f33305004495a9","hash":"764bcf3a1a0be4d7d5106491c76b0071cbf9995e"}
,"/home/amitsa/Documents/blinklist-App/demo-blinklist/src/components/atoms/explore-item/Buttons.tsx": {"path":"/home/amitsa/Documents/blinklist-App/demo-blinklist/src/components/atoms/explore-item/Buttons.tsx","statementMap":{"0":{"start":{"line":12,"column":23},"end":{"line":26,"column":1}},"1":{"start":{"line":13,"column":16},"end":{"line":13,"column":29}},"2":{"start":{"line":14,"column":2},"end":{"line":25,"column":4}},"3":{"start":{"line":20,"column":25},"end":{"line":20,"column":45}}},"fnMap":{"0":{"name":"(anonymous_0)","decl":{"start":{"line":12,"column":23},"end":{"line":12,"column":24}},"loc":{"start":{"line":12,"column":46},"end":{"line":26,"column":1}},"line":12},"1":{"name":"(anonymous_1)","decl":{"start":{"line":20,"column":19},"end":{"line":20,"column":20}},"loc":{"start":{"line":20,"column":25},"end":{"line":20,"column":45}},"line":20}},"branchMap":{},"s":{"0":2,"1":19,"2":19,"3":0},"f":{"0":19,"1":0},"b":{},"_coverageSchema":"1a1c01bbd47fc00a2c39e90264f33305004495a9","hash":"621eebea5d9843a660fbf5d043a9490a05296594"}
,"/home/amitsa/Documents/blinklist-App/demo-blinklist/src/components/atoms/finished-button/FinishedButton.tsx": {"path":"/home/amitsa/Documents/blinklist-App/demo-blinklist/src/components/atoms/finished-button/FinishedButton.tsx","statementMap":{"0":{"start":{"line":11,"column":23},"end":{"line":23,"column":1}},"1":{"start":{"line":12,"column":17},"end":{"line":12,"column":30}},"2":{"start":{"line":13,"column":4},"end":{"line":22,"column":6}},"3":{"start":{"line":17,"column":22},"end":{"line":17,"column":52}}},"fnMap":{"0":{"name":"(anonymous_0)","decl":{"start":{"line":11,"column":23},"end":{"line":11,"column":24}},"loc":{"start":{"line":11,"column":41},"end":{"line":23,"column":1}},"line":11},"1":{"name":"(anonymous_1)","decl":{"start":{"line":17,"column":17},"end":{"line":17,"column":18}},"loc":{"start":{"line":17,"column":21},"end":{"line":17,"column":53}},"line":17}},"branchMap":{},"s":{"0":1,"1":1,"2":1,"3":0},"f":{"0":1,"1":0},"b":{},"_coverageSchema":"1a1c01bbd47fc00a2c39e90264f33305004495a9","hash":"16b8dbe2cffe887c9af94d373c2677ab8c7c9bb7"}
,"/home/amitsa/Documents/blinklist-App/demo-blinklist/src/components/atoms/footer/copyright/FooterCopyRight.tsx": {"path":"/home/amitsa/Documents/blinklist-App/demo-blinklist/src/components/atoms/footer/copyright/FooterCopyRight.tsx","statementMap":{"0":{"start":{"line":6,"column":24},"end":{"line":17,"column":1}},"1":{"start":{"line":7,"column":17},"end":{"line":7,"column":30}},"2":{"start":{"line":8,"column":4},"end":{"line":16,"column":9}}},"fnMap":{"0":{"name":"(anonymous_0)","decl":{"start":{"line":6,"column":24},"end":{"line":6,"column":25}},"loc":{"start":{"line":6,"column":30},"end":{"line":17,"column":1}},"line":6}},"branchMap":{},"s":{"0":2,"1":2,"2":2},"f":{"0":2},"b":{},"_coverageSchema":"1a1c01bbd47fc00a2c39e90264f33305004495a9","hash":"af8c6b95c56812f1ef85b17d4b7595811460299a"}
,"/home/amitsa/Documents/blinklist-App/demo-blinklist/src/components/atoms/footer/footerhightlight/FooterHighlight.tsx": {"path":"/home/amitsa/Documents/blinklist-App/demo-blinklist/src/components/atoms/footer/footerhightlight/FooterHighlight.tsx","statementMap":{"0":{"start":{"line":5,"column":26},"end":{"line":18,"column":3}},"1":{"start":{"line":6,"column":18},"end":{"line":6,"column":31}},"2":{"start":{"line":7,"column":4},"end":{"line":17,"column":6}}},"fnMap":{"0":{"name":"(anonymous_0)","decl":{"start":{"line":5,"column":26},"end":{"line":5,"column":27}},"loc":{"start":{"line":5,"column":32},"end":{"line":18,"column":3}},"line":5}},"branchMap":{},"s":{"0":3,"1":3,"2":3},"f":{"0":3},"b":{},"_coverageSchema":"1a1c01bbd47fc00a2c39e90264f33305004495a9","hash":"db6d6dda1fcad3bc6098e398d88e9143fcabfbad"}
,"/home/amitsa/Documents/blinklist-App/demo-blinklist/src/components/atoms/footer/navitems/navhead/NavHead.tsx": {"path":"/home/amitsa/Documents/blinklist-App/demo-blinklist/src/components/atoms/footer/navitems/navhead/NavHead.tsx","statementMap":{"0":{"start":{"line":7,"column":16},"end":{"line":19,"column":1}},"1":{"start":{"line":8,"column":16},"end":{"line":8,"column":29}},"2":{"start":{"line":9,"column":2},"end":{"line":18,"column":4}}},"fnMap":{"0":{"name":"(anonymous_0)","decl":{"start":{"line":7,"column":16},"end":{"line":7,"column":17}},"loc":{"start":{"line":7,"column":39},"end":{"line":19,"column":1}},"line":7}},"branchMap":{},"s":{"0":2,"1":4,"2":4},"f":{"0":4},"b":{},"_coverageSchema":"1a1c01bbd47fc00a2c39e90264f33305004495a9","hash":"b325dd1bb874ceb7a508f2f6370b46473f34cbb6"}
,"/home/amitsa/Documents/blinklist-App/demo-blinklist/src/components/atoms/footer/navitems/navitem/NavItem.tsx": {"path":"/home/amitsa/Documents/blinklist-App/demo-blinklist/src/components/atoms/footer/navitems/navitem/NavItem.tsx","statementMap":{"0":{"start":{"line":7,"column":16},"end":{"line":19,"column":1}},"1":{"start":{"line":8,"column":16},"end":{"line":8,"column":29}},"2":{"start":{"line":9,"column":2},"end":{"line":18,"column":4}}},"fnMap":{"0":{"name":"(anonymous_0)","decl":{"start":{"line":7,"column":16},"end":{"line":7,"column":17}},"loc":{"start":{"line":7,"column":40},"end":{"line":19,"column":1}},"line":7}},"branchMap":{},"s":{"0":2,"1":14,"2":14},"f":{"0":14},"b":{},"_coverageSchema":"1a1c01bbd47fc00a2c39e90264f33305004495a9","hash":"1d45fb2ad8b273e4a27494be2ef2f2ff43e0dedd"}
,"/home/amitsa/Documents/blinklist-App/demo-blinklist/src/components/atoms/headings/Heading.tsx": {"path":"/home/amitsa/Documents/blinklist-App/demo-blinklist/src/components/atoms/headings/Heading.tsx","statementMap":{"0":{"start":{"line":6,"column":16},"end":{"line":16,"column":1}},"1":{"start":{"line":7,"column":16},"end":{"line":7,"column":29}},"2":{"start":{"line":8,"column":2},"end":{"line":15,"column":4}}},"fnMap":{"0":{"name":"(anonymous_0)","decl":{"start":{"line":6,"column":16},"end":{"line":6,"column":17}},"loc":{"start":{"line":6,"column":22},"end":{"line":16,"column":1}},"line":6}},"branchMap":{},"s":{"0":1,"1":3,"2":2},"f":{"0":3},"b":{},"_coverageSchema":"1a1c01bbd47fc00a2c39e90264f33305004495a9","hash":"e78e87101676c842f8cc17c4f8aa86a1863e7bad"}
,"/home/amitsa/Documents/blinklist-App/demo-blinklist/src/components/atoms/more/More.tsx": {"path":"/home/amitsa/Documents/blinklist-App/demo-blinklist/src/components/atoms/more/More.tsx","statementMap":{"0":{"start":{"line":6,"column":13},"end":{"line":16,"column":1}},"1":{"start":{"line":7,"column":16},"end":{"line":7,"column":29}},"2":{"start":{"line":8,"column":2},"end":{"line":15,"column":4}}},"fnMap":{"0":{"name":"(anonymous_0)","decl":{"start":{"line":6,"column":13},"end":{"line":6,"column":14}},"loc":{"start":{"line":6,"column":19},"end":{"line":16,"column":1}},"line":6}},"branchMap":{},"s":{"0":1,"1":1,"2":1},"f":{"0":1},"b":{},"_coverageSchema":"1a1c01bbd47fc00a2c39e90264f33305004495a9","hash":"d71116e37a2aaf04b454310fe9c76b8ccaeaecef"}
,"/home/amitsa/Documents/blinklist-App/demo-blinklist/src/components/atoms/mui-bar/current-bar/CurrentBar.tsx": {"path":"/home/amitsa/Documents/blinklist-App/demo-blinklist/src/components/atoms/mui-bar/current-bar/CurrentBar.tsx","statementMap":{"0":{"start":{"line":5,"column":19},"end":{"line":13,"column":1}},"1":{"start":{"line":6,"column":16},"end":{"line":6,"column":29}},"2":{"start":{"line":7,"column":2},"end":{"line":12,"column":4}}},"fnMap":{"0":{"name":"(anonymous_0)","decl":{"start":{"line":5,"column":19},"end":{"line":5,"column":20}},"loc":{"start":{"line":5,"column":25},"end":{"line":13,"column":1}},"line":5}},"branchMap":{},"s":{"0":1,"1":1,"2":1},"f":{"0":1},"b":{},"_coverageSchema":"1a1c01bbd47fc00a2c39e90264f33305004495a9","hash":"1a1498d1b4e2abc54e357d415d7d5b7c8c800f29"}
,"/home/amitsa/Documents/blinklist-App/demo-blinklist/src/components/atoms/mui-bar/finished-bar/FinishedBar.tsx": {"path":"/home/amitsa/Documents/blinklist-App/demo-blinklist/src/components/atoms/mui-bar/finished-bar/FinishedBar.tsx","statementMap":{"0":{"start":{"line":4,"column":20},"end":{"line":12,"column":1}},"1":{"start":{"line":5,"column":16},"end":{"line":5,"column":29}},"2":{"start":{"line":6,"column":2},"end":{"line":11,"column":4}}},"fnMap":{"0":{"name":"(anonymous_0)","decl":{"start":{"line":4,"column":20},"end":{"line":4,"column":21}},"loc":{"start":{"line":4,"column":26},"end":{"line":12,"column":1}},"line":4}},"branchMap":{},"s":{"0":1,"1":1,"2":1},"f":{"0":1},"b":{},"_coverageSchema":"1a1c01bbd47fc00a2c39e90264f33305004495a9","hash":"cfc97dc9336de592c701e500ce5bdfb27c28e30f"}
,"/home/amitsa/Documents/blinklist-App/demo-blinklist/src/components/atoms/mylibrary/mylibrary-head/MyLibraryHeading.tsx": {"path":"/home/amitsa/Documents/blinklist-App/demo-blinklist/src/components/atoms/mylibrary/mylibrary-head/MyLibraryHeading.tsx","statementMap":{"0":{"start":{"line":5,"column":25},"end":{"line":8,"column":1}},"1":{"start":{"line":6,"column":18},"end":{"line":6,"column":31}},"2":{"start":{"line":7,"column":4},"end":{"line":7,"column":97}}},"fnMap":{"0":{"name":"(anonymous_0)","decl":{"start":{"line":5,"column":25},"end":{"line":5,"column":26}},"loc":{"start":{"line":5,"column":31},"end":{"line":8,"column":1}},"line":5}},"branchMap":{},"s":{"0":1,"1":3,"2":2},"f":{"0":3},"b":{},"_coverageSchema":"1a1c01bbd47fc00a2c39e90264f33305004495a9","hash":"4a0881196a708617d48bcae4f924331ec5ea4028"}
,"/home/amitsa/Documents/blinklist-App/demo-blinklist/src/components/atoms/mylibrary/mylibrary-text/MyLibrary.tsx": {"path":"/home/amitsa/Documents/blinklist-App/demo-blinklist/src/components/atoms/mylibrary/mylibrary-text/MyLibrary.tsx","statementMap":{"0":{"start":{"line":6,"column":18},"end":{"line":11,"column":1}},"1":{"start":{"line":7,"column":18},"end":{"line":7,"column":31}},"2":{"start":{"line":8,"column":4},"end":{"line":10,"column":23}}},"fnMap":{"0":{"name":"(anonymous_0)","decl":{"start":{"line":6,"column":18},"end":{"line":6,"column":19}},"loc":{"start":{"line":6,"column":24},"end":{"line":11,"column":1}},"line":6}},"branchMap":{},"s":{"0":1,"1":3,"2":2},"f":{"0":3},"b":{},"_coverageSchema":"1a1c01bbd47fc00a2c39e90264f33305004495a9","hash":"511fc1f1076d9601a5571e93ef53849e1a9adfca"}
,"/home/amitsa/Documents/blinklist-App/demo-blinklist/src/components/atoms/nav/nav-down/NavDown.tsx": {"path":"/home/amitsa/Documents/blinklist-App/demo-blinklist/src/components/atoms/nav/nav-down/NavDown.tsx","statementMap":{"0":{"start":{"line":6,"column":16},"end":{"line":10,"column":1}},"1":{"start":{"line":7,"column":4},"end":{"line":9,"column":75}}},"fnMap":{"0":{"name":"(anonymous_0)","decl":{"start":{"line":6,"column":16},"end":{"line":6,"column":17}},"loc":{"start":{"line":6,"column":22},"end":{"line":10,"column":1}},"line":6}},"branchMap":{},"s":{"0":4,"1":3},"f":{"0":3},"b":{},"_coverageSchema":"1a1c01bbd47fc00a2c39e90264f33305004495a9","hash":"55d9249912883671a2c56ab4bb7814e78bbb7854"}
,"/home/amitsa/Documents/blinklist-App/demo-blinklist/src/components/atoms/nav/nav-up/NavUp.tsx": {"path":"/home/amitsa/Documents/blinklist-App/demo-blinklist/src/components/atoms/nav/nav-up/NavUp.tsx","statementMap":{"0":{"start":{"line":8,"column":14},"end":{"line":12,"column":1}},"1":{"start":{"line":9,"column":4},"end":{"line":11,"column":74}}},"fnMap":{"0":{"name":"(anonymous_0)","decl":{"start":{"line":8,"column":14},"end":{"line":8,"column":15}},"loc":{"start":{"line":8,"column":20},"end":{"line":12,"column":1}},"line":8}},"branchMap":{},"s":{"0":2,"1":1},"f":{"0":1},"b":{},"_coverageSchema":"1a1c01bbd47fc00a2c39e90264f33305004495a9","hash":"3ff68d4232224b8f85400a75e9c2d456ddde5e51"}
,"/home/amitsa/Documents/blinklist-App/demo-blinklist/src/components/atoms/readagainbutton/ReadAgainButton.tsx": {"path":"/home/amitsa/Documents/blinklist-App/demo-blinklist/src/components/atoms/readagainbutton/ReadAgainButton.tsx","statementMap":{"0":{"start":{"line":11,"column":24},"end":{"line":22,"column":1}},"1":{"start":{"line":12,"column":17},"end":{"line":12,"column":30}},"2":{"start":{"line":13,"column":4},"end":{"line":21,"column":6}},"3":{"start":{"line":17,"column":22},"end":{"line":17,"column":55}}},"fnMap":{"0":{"name":"(anonymous_0)","decl":{"start":{"line":11,"column":24},"end":{"line":11,"column":25}},"loc":{"start":{"line":11,"column":42},"end":{"line":22,"column":1}},"line":11},"1":{"name":"(anonymous_1)","decl":{"start":{"line":17,"column":17},"end":{"line":17,"column":18}},"loc":{"start":{"line":17,"column":21},"end":{"line":17,"column":56}},"line":17}},"branchMap":{},"s":{"0":1,"1":1,"2":1,"3":0},"f":{"0":1,"1":0},"b":{},"_coverageSchema":"1a1c01bbd47fc00a2c39e90264f33305004495a9","hash":"95abcad95d2603cac4c06ddf8dbd0093110e29b0"}
,"/home/amitsa/Documents/blinklist-App/demo-blinklist/src/components/atoms/search-icon/SearchIcon.tsx": {"path":"/home/amitsa/Documents/blinklist-App/demo-blinklist/src/components/atoms/search-icon/SearchIcon.tsx","statementMap":{"0":{"start":{"line":5,"column":19},"end":{"line":8,"column":1}},"1":{"start":{"line":6,"column":4},"end":{"line":7,"column":90}}},"fnMap":{"0":{"name":"(anonymous_0)","decl":{"start":{"line":5,"column":19},"end":{"line":5,"column":20}},"loc":{"start":{"line":5,"column":25},"end":{"line":8,"column":1}},"line":5}},"branchMap":{},"s":{"0":1,"1":1},"f":{"0":1},"b":{},"_coverageSchema":"1a1c01bbd47fc00a2c39e90264f33305004495a9","hash":"cd38fa2f30c5a0945327fbc583f870673b02287f"}
,"/home/amitsa/Documents/blinklist-App/demo-blinklist/src/components/atoms/timer/Timer.tsx": {"path":"/home/amitsa/Documents/blinklist-App/demo-blinklist/src/components/atoms/timer/Timer.tsx","statementMap":{"0":{"start":{"line":3,"column":14},"end":{"line":5,"column":1}},"1":{"start":{"line":4,"column":4},"end":{"line":4,"column":68}}},"fnMap":{"0":{"name":"(anonymous_0)","decl":{"start":{"line":3,"column":14},"end":{"line":3,"column":15}},"loc":{"start":{"line":3,"column":20},"end":{"line":5,"column":1}},"line":3}},"branchMap":{},"s":{"0":1,"1":1},"f":{"0":1},"b":{},"_coverageSchema":"1a1c01bbd47fc00a2c39e90264f33305004495a9","hash":"b428c165a39d751361fbfec554bba8d31b08572e"}
,"/home/amitsa/Documents/blinklist-App/demo-blinklist/src/components/molecule/avatar/AvatarDrop.tsx": {"path":"/home/amitsa/Documents/blinklist-App/demo-blinklist/src/components/molecule/avatar/AvatarDrop.tsx","statementMap":{"0":{"start":{"line":7,"column":19},"end":{"line":19,"column":1}},"1":{"start":{"line":8,"column":16},"end":{"line":8,"column":29}},"2":{"start":{"line":9,"column":2},"end":{"line":18,"column":4}}},"fnMap":{"0":{"name":"(anonymous_0)","decl":{"start":{"line":7,"column":19},"end":{"line":7,"column":20}},"loc":{"start":{"line":7,"column":25},"end":{"line":19,"column":1}},"line":7}},"branchMap":{},"s":{"0":1,"1":1,"2":1},"f":{"0":1},"b":{},"_coverageSchema":"1a1c01bbd47fc00a2c39e90264f33305004495a9","hash":"2ea16e622137817982e0934fd003113eed4a0b11"}
,"/home/amitsa/Documents/blinklist-App/demo-blinklist/src/components/molecule/banner-items/banner-item/BannerItems.tsx": {"path":"/home/amitsa/Documents/blinklist-App/demo-blinklist/src/components/molecule/banner-items/banner-item/BannerItems.tsx","statementMap":{"0":{"start":{"line":6,"column":20},"end":{"line":17,"column":1}},"1":{"start":{"line":7,"column":4},"end":{"line":16,"column":13}}},"fnMap":{"0":{"name":"(anonymous_0)","decl":{"start":{"line":6,"column":20},"end":{"line":6,"column":21}},"loc":{"start":{"line":6,"column":26},"end":{"line":17,"column":1}},"line":6}},"branchMap":{},"s":{"0":2,"1":2},"f":{"0":2},"b":{},"_coverageSchema":"1a1c01bbd47fc00a2c39e90264f33305004495a9","hash":"6dd73ef8182eb0be3e4f4d0e74bd71de0ae48e16"}
,"/home/amitsa/Documents/blinklist-App/demo-blinklist/src/components/molecule/banner-items/main-banner/MainBanner.tsx": {"path":"/home/amitsa/Documents/blinklist-App/demo-blinklist/src/components/molecule/banner-items/main-banner/MainBanner.tsx","statementMap":{"0":{"start":{"line":7,"column":19},"end":{"line":17,"column":1}},"1":{"start":{"line":8,"column":18},"end":{"line":8,"column":31}},"2":{"start":{"line":9,"column":4},"end":{"line":16,"column":13}}},"fnMap":{"0":{"name":"(anonymous_0)","decl":{"start":{"line":7,"column":19},"end":{"line":7,"column":20}},"loc":{"start":{"line":7,"column":25},"end":{"line":17,"column":1}},"line":7}},"branchMap":{},"s":{"0":1,"1":1,"2":1},"f":{"0":1},"b":{},"_coverageSchema":"1a1c01bbd47fc00a2c39e90264f33305004495a9","hash":"3b057a30ffbccbf870b370837f95d652e3c8714b"}
,"/home/amitsa/Documents/blinklist-App/demo-blinklist/src/components/molecule/bookdetailstabs/BookDetailsTabs.tsx": {"path":"/home/amitsa/Documents/blinklist-App/demo-blinklist/src/components/molecule/bookdetailstabs/BookDetailsTabs.tsx","statementMap":{"0":{"start":{"line":10,"column":24},"end":{"line":43,"column":1}},"1":{"start":{"line":12,"column":26},"end":{"line":12,"column":41}},"2":{"start":{"line":13,"column":18},"end":{"line":13,"column":31}},"3":{"start":{"line":14,"column":28},"end":{"line":14,"column":41}},"4":{"start":{"line":15,"column":23},"end":{"line":18,"column":3}},"5":{"start":{"line":16,"column":4},"end":{"line":16,"column":23}},"6":{"start":{"line":17,"column":4},"end":{"line":17,"column":19}},"7":{"start":{"line":19,"column":2},"end":{"line":42,"column":4}}},"fnMap":{"0":{"name":"(anonymous_0)","decl":{"start":{"line":10,"column":24},"end":{"line":10,"column":25}},"loc":{"start":{"line":10,"column":30},"end":{"line":43,"column":1}},"line":10},"1":{"name":"(anonymous_1)","decl":{"start":{"line":15,"column":23},"end":{"line":15,"column":24}},"loc":{"start":{"line":15,"column":74},"end":{"line":18,"column":3}},"line":15}},"branchMap":{"0":{"loc":{"start":{"line":27,"column":54},"end":{"line":27,"column":106}},"type":"cond-expr","locations":[{"start":{"line":27,"column":70},"end":{"line":27,"column":87}},{"start":{"line":27,"column":90},"end":{"line":27,"column":106}}],"line":27},"1":{"loc":{"start":{"line":29,"column":61},"end":{"line":29,"column":113}},"type":"cond-expr","locations":[{"start":{"line":29,"column":77},"end":{"line":29,"column":94}},{"start":{"line":29,"column":97},"end":{"line":29,"column":113}}],"line":29},"2":{"loc":{"start":{"line":30,"column":62},"end":{"line":30,"column":114}},"type":"cond-expr","locations":[{"start":{"line":30,"column":78},"end":{"line":30,"column":95}},{"start":{"line":30,"column":98},"end":{"line":30,"column":114}}],"line":30}},"s":{"0":1,"1":1,"2":1,"3":1,"4":1,"5":0,"6":0,"7":1},"f":{"0":1,"1":0},"b":{"0":[0,1],"1":[0,1],"2":[0,1]},"_coverageSchema":"1a1c01bbd47fc00a2c39e90264f33305004495a9","hash":"40efd06b9d21e777b448965dbec78ec316cccc3f"}
,"/home/amitsa/Documents/blinklist-App/demo-blinklist/src/components/molecule/explore-items/explore-grid/ExploreMenu.tsx": {"path":"/home/amitsa/Documents/blinklist-App/demo-blinklist/src/components/molecule/explore-items/explore-grid/ExploreMenu.tsx","statementMap":{"0":{"start":{"line":25,"column":13},"end":{"line":44,"column":1}},"1":{"start":{"line":52,"column":20},"end":{"line":83,"column":1}},"2":{"start":{"line":53,"column":12},"end":{"line":53,"column":13}},"3":{"start":{"line":54,"column":20},"end":{"line":56,"column":5}},"4":{"start":{"line":54,"column":37},"end":{"line":56,"column":2}},"5":{"start":{"line":57,"column":18},"end":{"line":57,"column":31}},"6":{"start":{"line":58,"column":2},"end":{"line":82,"column":4}},"7":{"start":{"line":71,"column":14},"end":{"line":73,"column":21}}},"fnMap":{"0":{"name":"(anonymous_0)","decl":{"start":{"line":52,"column":20},"end":{"line":52,"column":21}},"loc":{"start":{"line":52,"column":38},"end":{"line":83,"column":1}},"line":52},"1":{"name":"(anonymous_1)","decl":{"start":{"line":54,"column":29},"end":{"line":54,"column":30}},"loc":{"start":{"line":54,"column":37},"end":{"line":56,"column":2}},"line":54},"2":{"name":"(anonymous_2)","decl":{"start":{"line":70,"column":27},"end":{"line":70,"column":28}},"loc":{"start":{"line":71,"column":14},"end":{"line":73,"column":21}},"line":71}},"branchMap":{},"s":{"0":1,"1":1,"2":1,"3":1,"4":18,"5":1,"6":1,"7":18},"f":{"0":1,"1":18,"2":18},"b":{},"_coverageSchema":"1a1c01bbd47fc00a2c39e90264f33305004495a9","hash":"0bb9532b2020e11700825d79b697f44fd58d099a"}
,"/home/amitsa/Documents/blinklist-App/demo-blinklist/src/components/molecule/explore-items/explore-grid-head/ExploreMenuHead.tsx": {"path":"/home/amitsa/Documents/blinklist-App/demo-blinklist/src/components/molecule/explore-items/explore-grid-head/ExploreMenuHead.tsx","statementMap":{"0":{"start":{"line":4,"column":24},"end":{"line":36,"column":1}},"1":{"start":{"line":5,"column":16},"end":{"line":5,"column":29}},"2":{"start":{"line":6,"column":2},"end":{"line":35,"column":4}}},"fnMap":{"0":{"name":"(anonymous_0)","decl":{"start":{"line":4,"column":24},"end":{"line":4,"column":25}},"loc":{"start":{"line":4,"column":30},"end":{"line":36,"column":1}},"line":4}},"branchMap":{},"s":{"0":2,"1":2,"2":2},"f":{"0":2},"b":{},"_coverageSchema":"1a1c01bbd47fc00a2c39e90264f33305004495a9","hash":"6b6e11ab928ee29b62a8e46da1e62121d7e29e05"}
,"/home/amitsa/Documents/blinklist-App/demo-blinklist/src/components/molecule/footer/footer-highlight/BlinkHighlight.tsx": {"path":"/home/amitsa/Documents/blinklist-App/demo-blinklist/src/components/molecule/footer/footer-highlight/BlinkHighlight.tsx","statementMap":{"0":{"start":{"line":7,"column":23},"end":{"line":24,"column":1}},"1":{"start":{"line":8,"column":16},"end":{"line":8,"column":29}},"2":{"start":{"line":9,"column":2},"end":{"line":23,"column":4}}},"fnMap":{"0":{"name":"(anonymous_0)","decl":{"start":{"line":7,"column":23},"end":{"line":7,"column":24}},"loc":{"start":{"line":7,"column":29},"end":{"line":24,"column":1}},"line":7}},"branchMap":{},"s":{"0":2,"1":2,"2":2},"f":{"0":2},"b":{},"_coverageSchema":"1a1c01bbd47fc00a2c39e90264f33305004495a9","hash":"30fd3e1521df2e46ac92cd7ae55ff1bdfdb05f96"}
,"/home/amitsa/Documents/blinklist-App/demo-blinklist/src/components/molecule/footer/footer-main/FooterMain.tsx": {"path":"/home/amitsa/Documents/blinklist-App/demo-blinklist/src/components/molecule/footer/footer-main/FooterMain.tsx","statementMap":{"0":{"start":{"line":10,"column":19},"end":{"line":54,"column":1}},"1":{"start":{"line":11,"column":16},"end":{"line":11,"column":29}},"2":{"start":{"line":12,"column":2},"end":{"line":53,"column":4}}},"fnMap":{"0":{"name":"(anonymous_0)","decl":{"start":{"line":10,"column":19},"end":{"line":10,"column":20}},"loc":{"start":{"line":10,"column":25},"end":{"line":54,"column":1}},"line":10}},"branchMap":{},"s":{"0":1,"1":1,"2":1},"f":{"0":1},"b":{},"_coverageSchema":"1a1c01bbd47fc00a2c39e90264f33305004495a9","hash":"e324c1f01252a99dd7a880ec275302cb925e2619"}
,"/home/amitsa/Documents/blinklist-App/demo-blinklist/src/components/molecule/footer/footer-navlist/FooterNavListOne.tsx": {"path":"/home/amitsa/Documents/blinklist-App/demo-blinklist/src/components/molecule/footer/footer-navlist/FooterNavListOne.tsx","statementMap":{"0":{"start":{"line":6,"column":11},"end":{"line":6,"column":90}},"1":{"start":{"line":9,"column":25},"end":{"line":23,"column":1}},"2":{"start":{"line":10,"column":14},"end":{"line":10,"column":15}},"3":{"start":{"line":11,"column":4},"end":{"line":22,"column":13}},"4":{"start":{"line":17,"column":16},"end":{"line":19,"column":23}}},"fnMap":{"0":{"name":"(anonymous_0)","decl":{"start":{"line":9,"column":25},"end":{"line":9,"column":26}},"loc":{"start":{"line":9,"column":31},"end":{"line":23,"column":1}},"line":9},"1":{"name":"(anonymous_1)","decl":{"start":{"line":16,"column":21},"end":{"line":16,"column":22}},"loc":{"start":{"line":17,"column":16},"end":{"line":19,"column":23}},"line":17}},"branchMap":{},"s":{"0":1,"1":1,"2":1,"3":1,"4":4},"f":{"0":1,"1":4},"b":{},"_coverageSchema":"1a1c01bbd47fc00a2c39e90264f33305004495a9","hash":"984d0826b3c7e1405e2fe39d28f0562bb35d2253"}
,"/home/amitsa/Documents/blinklist-App/demo-blinklist/src/components/molecule/footer/footer-navlist/FooterNavListThree.tsx": {"path":"/home/amitsa/Documents/blinklist-App/demo-blinklist/src/components/molecule/footer/footer-navlist/FooterNavListThree.tsx","statementMap":{"0":{"start":{"line":6,"column":11},"end":{"line":6,"column":59}},"1":{"start":{"line":9,"column":27},"end":{"line":23,"column":1}},"2":{"start":{"line":10,"column":14},"end":{"line":10,"column":15}},"3":{"start":{"line":11,"column":4},"end":{"line":22,"column":13}},"4":{"start":{"line":17,"column":16},"end":{"line":19,"column":23}}},"fnMap":{"0":{"name":"(anonymous_0)","decl":{"start":{"line":9,"column":27},"end":{"line":9,"column":28}},"loc":{"start":{"line":9,"column":33},"end":{"line":23,"column":1}},"line":9},"1":{"name":"(anonymous_1)","decl":{"start":{"line":16,"column":21},"end":{"line":16,"column":22}},"loc":{"start":{"line":17,"column":16},"end":{"line":19,"column":23}},"line":17}},"branchMap":{},"s":{"0":1,"1":1,"2":1,"3":1,"4":4},"f":{"0":1,"1":4},"b":{},"_coverageSchema":"1a1c01bbd47fc00a2c39e90264f33305004495a9","hash":"ce6f0fde3f6b0e3f90b55129030fa9cc4a99245d"}
,"/home/amitsa/Documents/blinklist-App/demo-blinklist/src/components/molecule/footer/footer-navlist/FooterNavListTwo.tsx": {"path":"/home/amitsa/Documents/blinklist-App/demo-blinklist/src/components/molecule/footer/footer-navlist/FooterNavListTwo.tsx","statementMap":{"0":{"start":{"line":6,"column":11},"end":{"line":6,"column":91}},"1":{"start":{"line":9,"column":23},"end":{"line":23,"column":1}},"2":{"start":{"line":10,"column":14},"end":{"line":10,"column":15}},"3":{"start":{"line":11,"column":4},"end":{"line":22,"column":13}},"4":{"start":{"line":17,"column":16},"end":{"line":19,"column":23}}},"fnMap":{"0":{"name":"(anonymous_0)","decl":{"start":{"line":9,"column":23},"end":{"line":9,"column":24}},"loc":{"start":{"line":9,"column":29},"end":{"line":23,"column":1}},"line":9},"1":{"name":"(anonymous_1)","decl":{"start":{"line":16,"column":21},"end":{"line":16,"column":22}},"loc":{"start":{"line":17,"column":16},"end":{"line":19,"column":23}},"line":17}},"branchMap":{},"s":{"0":1,"1":1,"2":1,"3":1,"4":5},"f":{"0":1,"1":5},"b":{},"_coverageSchema":"1a1c01bbd47fc00a2c39e90264f33305004495a9","hash":"d0e3a84326d4ec71b5674256108a39f3c6e48d45"}
}
