TN:
SF:src/App.tsx
FN:103,App
FN:107,(anonymous_1)
FN:110,(anonymous_2)
FN:116,(anonymous_3)
FN:123,(anonymous_4)
FN:126,(anonymous_5)
FN:131,(anonymous_6)
FN:139,(anonymous_7)
FNF:8
FNH:1
FNDA:1,App
FNDA:0,(anonymous_1)
FNDA:0,(anonymous_2)
FNDA:0,(anonymous_3)
FNDA:0,(anonymous_4)
FNDA:0,(anonymous_5)
FNDA:0,(anonymous_6)
FNDA:0,(anonymous_7)
DA:27,1
DA:72,1
DA:104,1
DA:105,1
DA:106,1
DA:107,1
DA:108,0
DA:110,0
DA:111,0
DA:112,0
DA:115,0
DA:116,0
DA:117,0
DA:118,0
DA:119,0
DA:123,1
DA:124,0
DA:126,0
DA:127,0
DA:128,0
DA:130,0
DA:131,0
DA:132,0
DA:133,0
DA:134,0
DA:138,1
DA:139,1
DA:140,0
DA:141,0
DA:144,1
DA:146,1
LF:31
LH:11
BRDA:108,0,0,0
BRDA:108,0,1,0
BRDA:111,1,0,0
BRDA:111,1,1,0
BRDA:124,2,0,0
BRDA:124,2,1,0
BRDA:127,3,0,0
BRDA:127,3,1,0
BRDA:144,4,0,0
BRDA:144,4,1,1
BRF:10
BRH:1
end_of_record
TN:
SF:src/Theme.tsx
FNF:0
FNH:0
DA:4,51
DA:381,51
LF:2
LH:2
BRF:0
BRH:0
end_of_record
TN:
SF:src/components/atoms/addtolibrarybutton/AddToLibraryButton.tsx
FN:7,(anonymous_0)
FNF:1
FNH:1
FNDA:6,(anonymous_0)
DA:7,4
DA:8,6
DA:9,6
LF:3
LH:3
BRF:0
BRH:0
end_of_record
TN:
SF:src/components/atoms/author/AuthorName.tsx
FN:8,(anonymous_0)
FNF:1
FNH:1
FNDA:18,(anonymous_0)
DA:8,10
DA:9,18
DA:10,18
LF:3
LH:3
BRF:0
BRH:0
end_of_record
TN:
SF:src/components/atoms/avatar/AvatarLogin.tsx
FN:6,(anonymous_0)
FNF:1
FNH:1
FNDA:4,(anonymous_0)
DA:6,4
DA:7,4
LF:2
LH:2
BRF:0
BRH:0
end_of_record
TN:
SF:src/components/atoms/banner/banner-image/BannerImage.tsx
FN:6,(anonymous_0)
FNF:1
FNH:1
FNDA:2,(anonymous_0)
DA:6,3
DA:7,2
DA:8,2
LF:3
LH:3
BRF:0
BRH:0
end_of_record
TN:
SF:src/components/atoms/banner/banner-one/BannerOne.tsx
FN:4,(anonymous_0)
FNF:1
FNH:1
FNDA:3,(anonymous_0)
DA:4,4
DA:5,3
DA:6,3
LF:3
LH:3
BRF:0
BRH:0
end_of_record
TN:
SF:src/components/atoms/banner/banner-two/BannerTwo.tsx
FN:4,(anonymous_0)
FNF:1
FNH:1
FNDA:3,(anonymous_0)
DA:4,4
DA:5,3
DA:6,3
LF:3
LH:3
BRF:0
BRH:0
end_of_record
TN:
SF:src/components/atoms/blinkimage/BlinkImage.tsx
FN:6,(anonymous_0)
FNF:1
FNH:1
FNDA:7,(anonymous_0)
DA:6,6
DA:7,7
DA:8,7
LF:3
LH:3
BRF:0
BRH:0
end_of_record
TN:
SF:src/components/atoms/bookpagedetails/booknote/BookNote.tsx
FN:5,(anonymous_0)
FNF:1
FNH:1
FNDA:2,(anonymous_0)
DA:5,3
DA:6,2
DA:7,2
LF:3
LH:3
BRF:0
BRH:0
end_of_record
TN:
SF:src/components/atoms/bookpagedetails/bookoptions/finishbutton/FinishReading.tsx
FN:12,(anonymous_0)
FN:13,(anonymous_1)
FNF:2
FNH:1
FNDA:3,(anonymous_0)
FNDA:0,(anonymous_1)
DA:12,3
DA:13,3
DA:14,0
DA:16,3
DA:17,3
LF:5
LH:4
BRDA:23,0,0,2
BRDA:23,0,1,1
BRF:2
BRH:2
end_of_record
TN:
SF:src/components/atoms/bookpagedetails/bookoptions/kindlebutton/SendToKindle.tsx
FN:5,(anonymous_0)
FNF:1
FNH:1
FNDA:2,(anonymous_0)
DA:5,3
DA:6,2
DA:7,2
LF:3
LH:3
BRF:0
BRH:0
end_of_record
TN:
SF:src/components/atoms/bookpagedetails/bookoptions/readbutton/ReadNow.tsx
FN:6,(anonymous_0)
FNF:1
FNH:1
FNDA:2,(anonymous_0)
DA:6,3
DA:7,2
DA:8,2
LF:3
LH:3
BRF:0
BRH:0
end_of_record
TN:
SF:src/components/atoms/bookpagedetails/booktitle/BookTitle.tsx
FN:4,(anonymous_0)
FNF:1
FNH:1
FNDA:2,(anonymous_0)
DA:4,3
DA:5,2
DA:6,2
LF:3
LH:3
BRF:0
BRH:0
end_of_record
TN:
SF:src/components/atoms/bookpagedetails/keyideas/KeyIdeas.tsx
FN:5,(anonymous_0)
FNF:1
FNH:1
FNDA:1,(anonymous_0)
DA:5,2
DA:6,1
DA:7,1
LF:3
LH:3
BRF:0
BRH:0
end_of_record
TN:
SF:src/components/atoms/booktitle/BookTitle.tsx
FN:8,(anonymous_0)
FNF:1
FNH:1
FNDA:17,(anonymous_0)
DA:8,9
DA:9,17
DA:10,17
LF:3
LH:3
BRF:0
BRH:0
end_of_record
TN:
SF:src/components/atoms/explore/Explore.tsx
FN:12,(anonymous_0)
FN:17,(anonymous_1)
FNF:2
FNH:2
FNDA:5,(anonymous_0)
FNDA:1,(anonymous_1)
DA:12,4
DA:13,5
DA:14,5
DA:18,1
LF:4
LH:4
BRDA:16,0,0,4
BRDA:16,0,1,1
BRF:2
BRH:2
end_of_record
TN:
SF:src/components/atoms/explore-item/Buttons.tsx
FN:12,(anonymous_0)
FN:20,(anonymous_1)
FNF:2
FNH:2
FNDA:20,(anonymous_0)
FNDA:1,(anonymous_1)
DA:12,3
DA:13,20
DA:14,20
DA:20,1
LF:4
LH:4
BRF:0
BRH:0
end_of_record
TN:
SF:src/components/atoms/finished-button/FinishedButton.tsx
FN:11,(anonymous_0)
FN:17,(anonymous_1)
FNF:2
FNH:2
FNDA:8,(anonymous_0)
FNDA:1,(anonymous_1)
DA:11,6
DA:12,8
DA:13,8
DA:17,1
LF:4
LH:4
BRF:0
BRH:0
end_of_record
TN:
SF:src/components/atoms/footer/copyright/FooterCopyRight.tsx
FN:6,(anonymous_0)
FNF:1
FNH:1
FNDA:3,(anonymous_0)
DA:6,3
DA:7,3
DA:8,3
LF:3
LH:3
BRF:0
BRH:0
end_of_record
TN:
SF:src/components/atoms/footer/footerhightlight/FooterHighlight.tsx
FN:5,(anonymous_0)
FNF:1
FNH:1
FNDA:4,(anonymous_0)
DA:5,4
DA:6,4
DA:7,4
LF:3
LH:3
BRF:0
BRH:0
end_of_record
TN:
SF:src/components/atoms/footer/navitems/navhead/NavHead.tsx
FN:7,(anonymous_0)
FNF:1
FNH:1
FNDA:10,(anonymous_0)
DA:7,6
DA:8,10
DA:9,10
LF:3
LH:3
BRF:0
BRH:0
end_of_record
TN:
SF:src/components/atoms/footer/navitems/navitem/NavItem.tsx
FN:7,(anonymous_0)
FNF:1
FNH:1
FNDA:40,(anonymous_0)
DA:7,6
DA:8,40
DA:9,40
LF:3
LH:3
BRF:0
BRH:0
end_of_record
TN:
SF:src/components/atoms/headings/Heading.tsx
FN:6,(anonymous_0)
FNF:1
FNH:1
FNDA:1,(anonymous_0)
DA:6,2
DA:7,1
DA:8,1
LF:3
LH:3
BRF:0
BRH:0
end_of_record
TN:
SF:src/components/atoms/more/More.tsx
FN:6,(anonymous_0)
FNF:1
FNH:1
FNDA:1,(anonymous_0)
DA:6,1
DA:7,1
DA:8,1
LF:3
LH:3
BRF:0
BRH:0
end_of_record
TN:
SF:src/components/atoms/mui-bar/current-bar/CurrentBar.tsx
FN:5,(anonymous_0)
FNF:1
FNH:1
FNDA:7,(anonymous_0)
DA:5,6
DA:6,7
DA:7,7
LF:3
LH:3
BRF:0
BRH:0
end_of_record
TN:
SF:src/components/atoms/mui-bar/finished-bar/FinishedBar.tsx
FN:4,(anonymous_0)
FNF:1
FNH:1
FNDA:5,(anonymous_0)
DA:4,6
DA:5,5
DA:6,5
LF:3
LH:3
BRF:0
BRH:0
end_of_record
TN:
SF:src/components/atoms/mylibrary/mylibrary-head/MyLibraryHeading.tsx
FN:5,(anonymous_0)
FNF:1
FNH:1
FNDA:2,(anonymous_0)
DA:5,2
DA:6,2
DA:7,2
LF:3
LH:3
BRF:0
BRH:0
end_of_record
TN:
SF:src/components/atoms/mylibrary/mylibrary-text/MyLibrary.tsx
FN:6,(anonymous_0)
FNF:1
FNH:1
FNDA:4,(anonymous_0)
DA:6,4
DA:7,4
DA:8,4
LF:3
LH:3
BRF:0
BRH:0
end_of_record
TN:
SF:src/components/atoms/nav/nav-down/NavDown.tsx
FN:6,(anonymous_0)
FNF:1
FNH:1
FNDA:7,(anonymous_0)
DA:6,7
DA:7,7
LF:2
LH:2
BRF:0
BRH:0
end_of_record
TN:
SF:src/components/atoms/nav/nav-up/NavUp.tsx
FN:8,(anonymous_0)
FNF:1
FNH:1
FNDA:5,(anonymous_0)
DA:8,5
DA:9,5
LF:2
LH:2
BRF:0
BRH:0
end_of_record
TN:
SF:src/components/atoms/readagainbutton/ReadAgainButton.tsx
FN:11,(anonymous_0)
FN:17,(anonymous_1)
FNF:2
FNH:2
FNDA:6,(anonymous_0)
FNDA:1,(anonymous_1)
DA:11,6
DA:12,6
DA:13,6
DA:17,1
LF:4
LH:4
BRF:0
BRH:0
end_of_record
TN:
SF:src/components/atoms/search-icon/SearchIcon.tsx
FN:5,(anonymous_0)
FNF:1
FNH:1
FNDA:6,(anonymous_0)
DA:5,5
DA:6,6
LF:2
LH:2
BRF:0
BRH:0
end_of_record
TN:
SF:src/components/atoms/timer/Timer.tsx
FN:3,(anonymous_0)
FNF:1
FNH:1
FNDA:19,(anonymous_0)
DA:3,11
DA:4,19
LF:2
LH:2
BRF:0
BRH:0
end_of_record
TN:
SF:src/components/molecule/avatar/AvatarDrop.tsx
FN:7,(anonymous_0)
FNF:1
FNH:1
FNDA:3,(anonymous_0)
DA:7,3
DA:8,3
DA:9,3
LF:3
LH:3
BRF:0
BRH:0
end_of_record
TN:
SF:src/components/molecule/banner-items/banner-item/BannerItems.tsx
FN:6,(anonymous_0)
FNF:1
FNH:1
FNDA:2,(anonymous_0)
DA:6,3
DA:7,2
LF:2
LH:2
BRF:0
BRH:0
end_of_record
TN:
SF:src/components/molecule/banner-items/main-banner/MainBanner.tsx
FN:7,(anonymous_0)
FNF:1
FNH:1
FNDA:1,(anonymous_0)
DA:7,2
DA:8,1
DA:9,1
LF:3
LH:3
BRF:0
BRH:0
end_of_record
TN:
SF:src/components/molecule/bookdetailstabs/BookDetailsTabs.tsx
FN:10,(anonymous_0)
FN:15,(anonymous_1)
FNF:2
FNH:1
FNDA:1,(anonymous_0)
FNDA:0,(anonymous_1)
DA:10,2
DA:12,1
DA:13,1
DA:14,1
DA:15,1
DA:16,0
DA:17,0
DA:19,1
LF:8
LH:6
BRDA:27,0,0,0
BRDA:27,0,1,1
BRDA:29,1,0,0
BRDA:29,1,1,1
BRDA:30,2,0,0
BRDA:30,2,1,1
BRF:6
BRH:3
end_of_record
TN:
SF:src/components/molecule/card/CardHead.tsx
FN:16,(anonymous_0)
FNF:1
FNH:1
FNDA:16,(anonymous_0)
DA:16,8
DA:17,16
DA:18,16
LF:3
LH:3
BRF:0
BRH:0
end_of_record
TN:
SF:src/components/molecule/explore-items/explore-grid/ExploreMenu.tsx
FN:52,(anonymous_0)
FN:54,(anonymous_1)
FN:70,(anonymous_2)
FNF:3
FNH:3
FNDA:1,(anonymous_0)
FNDA:18,(anonymous_1)
FNDA:18,(anonymous_2)
DA:25,2
DA:52,2
DA:53,1
DA:54,18
DA:57,1
DA:58,1
DA:71,18
LF:7
LH:7
BRF:0
BRH:0
end_of_record
TN:
SF:src/components/molecule/explore-items/explore-grid-head/ExploreMenuHead.tsx
FN:4,(anonymous_0)
FNF:1
FNH:1
FNDA:2,(anonymous_0)
DA:4,3
DA:5,2
DA:6,2
LF:3
LH:3
BRF:0
BRH:0
end_of_record
TN:
SF:src/components/molecule/footer/footer-highlight/BlinkHighlight.tsx
FN:7,(anonymous_0)
FNF:1
FNH:1
FNDA:3,(anonymous_0)
DA:7,3
DA:8,3
DA:9,3
LF:3
LH:3
BRF:0
BRH:0
end_of_record
TN:
SF:src/components/molecule/footer/footer-main/FooterMain.tsx
FN:10,(anonymous_0)
FNF:1
FNH:1
FNDA:2,(anonymous_0)
DA:10,2
DA:11,2
DA:12,2
LF:3
LH:3
BRF:0
BRH:0
end_of_record
TN:
SF:src/components/molecule/footer/footer-navlist/FooterNavListOne.tsx
FN:9,(anonymous_0)
FN:16,(anonymous_1)
FNF:2
FNH:2
FNDA:3,(anonymous_0)
FNDA:12,(anonymous_1)
DA:6,3
DA:9,3
DA:10,3
DA:11,3
DA:17,12
LF:5
LH:5
BRF:0
BRH:0
end_of_record
TN:
SF:src/components/molecule/footer/footer-navlist/FooterNavListThree.tsx
FN:9,(anonymous_0)
FN:16,(anonymous_1)
FNF:2
FNH:2
FNDA:3,(anonymous_0)
FNDA:12,(anonymous_1)
DA:6,3
DA:9,3
DA:10,3
DA:11,3
DA:17,12
LF:5
LH:5
BRF:0
BRH:0
end_of_record
TN:
SF:src/components/molecule/footer/footer-navlist/FooterNavListTwo.tsx
FN:9,(anonymous_0)
FN:16,(anonymous_1)
FNF:2
FNH:2
FNDA:3,(anonymous_0)
FNDA:15,(anonymous_1)
DA:6,3
DA:9,3
DA:10,3
DA:11,3
DA:17,15
LF:5
LH:5
BRF:0
BRH:0
end_of_record
TN:
SF:src/components/molecule/read-time/ReadTime.tsx
FN:8,(anonymous_0)
FNF:1
FNH:1
FNDA:18,(anonymous_0)
DA:8,10
DA:9,18
DA:10,18
LF:3
LH:3
BRF:0
BRH:0
end_of_record
TN:
SF:src/components/organism/bookdetailsgrid/BookDetailsGrid.tsx
FN:22,(anonymous_0)
FNF:1
FNH:1
FNDA:1,(anonymous_0)
DA:22,2
DA:23,1
DA:24,1
LF:3
LH:3
BRF:0
BRH:0
end_of_record
TN:
SF:src/components/organism/cards/card-add/CardAdd.tsx
FN:16,(anonymous_0)
FN:18,(anonymous_1)
FNF:2
FNH:2
FNDA:4,(anonymous_0)
FNDA:5,(anonymous_1)
DA:16,3
DA:17,4
DA:18,2
DA:19,5
DA:38,2
LF:5
LH:5
BRF:0
BRH:0
end_of_record
TN:
SF:src/components/organism/cards/card-mui/CardMui.tsx
FN:22,(anonymous_0)
FN:24,(anonymous_1)
FNF:2
FNH:2
FNDA:5,(anonymous_0)
FNDA:10,(anonymous_1)
DA:22,5
DA:23,5
DA:24,5
DA:25,10
DA:39,5
LF:5
LH:5
BRDA:32,0,0,6
BRDA:32,0,1,4
BRF:2
BRH:2
end_of_record
TN:
SF:src/components/organism/header/header-left/HeaderLeft.tsx
FN:18,(anonymous_0)
FNF:1
FNH:1
FNDA:3,(anonymous_0)
DA:18,3
DA:19,3
DA:20,3
LF:3
LH:3
BRF:0
BRH:0
end_of_record
TN:
SF:src/components/organism/header/toolbar-header/ToolBarHeader.tsx
FN:13,(anonymous_0)
FNF:1
FNH:1
FNDA:2,(anonymous_0)
DA:13,2
DA:14,2
LF:2
LH:2
BRF:0
BRH:0
end_of_record
TN:
SF:src/components/organism/main/MainSearch.tsx
FN:11,(anonymous_0)
FN:27,(anonymous_1)
FNF:2
FNH:1
FNDA:2,(anonymous_0)
FNDA:0,(anonymous_1)
DA:11,2
DA:12,2
DA:13,2
DA:28,0
LF:4
LH:3
BRF:0
BRH:0
end_of_record
TN:
SF:src/components/organism/tabs/ReadingTabs.tsx
FN:37,(anonymous_0)
FN:41,(anonymous_1)
FNF:2
FNH:1
FNDA:2,(anonymous_0)
FNDA:0,(anonymous_1)
DA:37,2
DA:38,2
DA:39,2
DA:40,2
DA:41,2
DA:42,0
DA:43,0
DA:46,2
LF:8
LH:6
BRDA:57,0,0,0
BRDA:57,0,1,2
BRDA:63,1,0,2
BRDA:63,1,1,0
BRF:4
BRH:2
end_of_record
TN:
SF:src/components/template/enterprenur-books/EnterprenurReading.tsx
FN:23,(anonymous_0)
FN:25,(anonymous_1)
FNF:2
FNH:2
FNDA:2,(anonymous_0)
FNDA:7,(anonymous_1)
DA:10,2
DA:23,2
DA:25,7
DA:27,1
LF:4
LH:4
BRF:0
BRH:0
end_of_record
TN:
SF:src/components/template/finished-books/MainFinished.tsx
FN:16,(anonymous_0)
FNF:1
FNH:1
FNDA:1,(anonymous_0)
DA:16,3
DA:17,1
LF:2
LH:2
BRF:0
BRH:0
end_of_record
TN:
SF:src/components/template/reading-books/MainReading.tsx
FN:16,(anonymous_0)
FNF:1
FNH:1
FNDA:3,(anonymous_0)
DA:16,3
DA:17,3
LF:2
LH:2
BRF:0
BRH:0
end_of_record
